[2024/05/28 16:41:50] [2024/05/28 16:41:50] FlexLM server version : 11.16
[2024/05/28 16:41:50] Connection successful to server lics-it-gcp-p01 on port 27005
[2024/05/28 16:42:06] 
[2024/05/28 16:42:06] executing command algo.removeHoles
[2024/05/28 16:42:06] occurrences:	 [4]
[2024/05/28 16:42:06] throughHoles:	 True
[2024/05/28 16:42:06] blindHoles:	 False
[2024/05/28 16:42:06] surfacicHoles:	 False
[2024/05/28 16:42:06] maxDiameter:	 10
[2024/05/28 16:42:06] fillWithMaterial:	 0
[2024/05/28 16:42:07] - 4 holes filled
[2024/05/28 16:42:07] Command execution time : 0.433 s
[2024/05/28 16:42:07] 
[2024/05/28 16:42:07] executing command algo.deletePatches
[2024/05/28 16:42:07] occurrences:	 [4]
[2024/05/28 16:42:07] keepOnePatchByMaterial:	 True
[2024/05/28 16:42:07] Command execution time : 0.001 s
[2024/05/28 16:42:07] 
[2024/05/28 16:42:07] executing command algo.decimate
[2024/05/28 16:42:07] occurrences:	 [4]
[2024/05/28 16:42:07] surfacicTolerance:	 1
[2024/05/28 16:42:07] lineicTolerance:	 0.10000000000000001
[2024/05/28 16:42:07] normalTolerance:	 3
[2024/05/28 16:42:07] texCoordTolerance:	 -1
[2024/05/28 16:42:07] releaseConstraintOnSmallArea:	 False
[2024/05/28 16:42:07] Command execution time : 0.507 s
[2024/05/28 16:42:07] 
[2024/05/28 16:42:07] executing command algo.removeOccludedGeometries
[2024/05/28 16:42:07] occurrences:	 [4]
[2024/05/28 16:42:07] level:	 algo.SelectionLevel.Polygons
[2024/05/28 16:42:07] resolution:	 1024
[2024/05/28 16:42:07] sphereCount:	 16
[2024/05/28 16:42:07] fovX:	 90
[2024/05/28 16:42:07] considerTransparentOpaque:	 False
[2024/05/28 16:42:07] adjacencyDepth:	 1
[2024/05/28 16:42:07] root:	 0
[2024/05/28 16:42:07] Analysing device NVIDIA GeForce RTX 3090
[2024/05/28 16:42:07] Device: NVIDIA GeForce RTX 3090 => eDiscreteGpu
[2024/05/28 16:42:07] - maxMemoryAllocationSize = 4292870144
[2024/05/28 16:42:07] - maxPerSetDescriptors    = 4294967295
[2024/05/28 16:42:07] found suitable physical device: NVIDIA GeForce RTX 3090
[2024/05/28 16:42:13] Command execution time : 5.575 s
[2024/05/28 16:42:13] 
[2024/05/28 16:42:13] executing command io.exportScene
[2024/05/28 16:42:13] fileName:	 "D:\GithubRepos\pixyz_SDK_Samples\python\Windows\FolderWatcher\_output/DeWALT DCG405.pxz"
[2024/05/28 16:42:13] root:	 0
[2024/05/28 16:42:13] 65367 entities to save
[2024/05/28 16:42:13] Command execution time : 0.193 s
[2024/05/28 16:42:13] 
[2024/05/28 16:42:13] executing command io.exportScene
[2024/05/28 16:42:13] fileName:	 "D:\GithubRepos\pixyz_SDK_Samples\python\Windows\FolderWatcher\_output/DeWALT DCG405.fbx"
[2024/05/28 16:42:13] root:	 0
[2024/05/28 16:42:13] [FBX] Exporting using version 2020
[2024/05/28 16:42:13] Command execution time : 0.046 s
[2024/05/28 16:42:13] 
[2024/05/28 16:42:13] executing command io.exportScene
[2024/05/28 16:42:13] fileName:	 "D:\GithubRepos\pixyz_SDK_Samples\python\Windows\FolderWatcher\_output/DeWALT DCG405.glb"
[2024/05/28 16:42:13] root:	 0
[2024/05/28 16:42:13] Command execution time : 0.020 s
[2024/05/28 16:42:13] 
[2024/05/28 16:42:13] executing command io.exportScene
[2024/05/28 16:42:13] fileName:	 "D:\GithubRepos\pixyz_SDK_Samples\python\Windows\FolderWatcher\_output/DeWALT DCG405.pdf"
[2024/05/28 16:42:13] root:	 0
[2024/05/28 16:42:14] Command execution time : 1.225 s
[2024/05/28 16:42:14] 
[2024/05/28 16:42:14] executing command io.exportScene
[2024/05/28 16:42:14] fileName:	 "D:\GithubRepos\pixyz_SDK_Samples\python\Windows\FolderWatcher\_output/DeWALT DCG405.obj"
[2024/05/28 16:42:14] root:	 0
[2024/05/28 16:42:14] Command execution time : 0.063 s
[2024/05/28 16:42:14] 
[2024/05/28 16:42:14] executing command io.exportScene
[2024/05/28 16:42:14] fileName:	 "D:\GithubRepos\pixyz_SDK_Samples\python\Windows\FolderWatcher\_output/DeWALT DCG405.3dxml"
[2024/05/28 16:42:14] root:	 0
[2024/05/28 16:42:14] Command execution time : 0.168 s
[2024/05/28 16:43:03] PixyzSDK v2024.2.0.6
